mode: set
github.com/Sreevani871/fibheap/fibheap.go:22.25,26.2 3 1
github.com/Sreevani871/fibheap/fibheap.go:29.29,31.2 1 1
github.com/Sreevani871/fibheap/fibheap.go:35.48,36.18 1 1
github.com/Sreevani871/fibheap/fibheap.go:40.2,43.43 3 1
github.com/Sreevani871/fibheap/fibheap.go:46.2,48.10 2 1
github.com/Sreevani871/fibheap/fibheap.go:36.18,38.3 1 0
github.com/Sreevani871/fibheap/fibheap.go:43.43,45.3 1 1
github.com/Sreevani871/fibheap/fibheap.go:53.37,54.30 1 1
github.com/Sreevani871/fibheap/fibheap.go:58.2,59.31 2 1
github.com/Sreevani871/fibheap/fibheap.go:62.2,62.28 1 1
github.com/Sreevani871/fibheap/fibheap.go:54.30,56.3 1 1
github.com/Sreevani871/fibheap/fibheap.go:59.31,61.3 1 0
github.com/Sreevani871/fibheap/fibheap.go:68.41,69.18 1 1
github.com/Sreevani871/fibheap/fibheap.go:73.2,73.20 1 1
github.com/Sreevani871/fibheap/fibheap.go:69.18,72.3 1 1
github.com/Sreevani871/fibheap/fibheap.go:80.40,81.34 1 1
github.com/Sreevani871/fibheap/fibheap.go:85.2,89.56 4 1
github.com/Sreevani871/fibheap/fibheap.go:94.2,100.12 4 1
github.com/Sreevani871/fibheap/fibheap.go:81.34,83.3 1 1
github.com/Sreevani871/fibheap/fibheap.go:89.56,92.3 2 1
github.com/Sreevani871/fibheap/fibheap.go:107.33,108.48 1 1
github.com/Sreevani871/fibheap/fibheap.go:112.2,114.44 2 1
github.com/Sreevani871/fibheap/fibheap.go:108.48,110.3 1 1
github.com/Sreevani871/fibheap/fibheap.go:114.44,117.24 2 1
github.com/Sreevani871/fibheap/fibheap.go:122.3,122.25 1 1
github.com/Sreevani871/fibheap/fibheap.go:127.3,127.25 1 1
github.com/Sreevani871/fibheap/fibheap.go:117.24,120.12 3 1
github.com/Sreevani871/fibheap/fibheap.go:122.25,124.12 2 1
github.com/Sreevani871/fibheap/fibheap.go:127.25,130.32 3 1
github.com/Sreevani871/fibheap/fibheap.go:130.32,133.5 2 1
github.com/Sreevani871/fibheap/fibheap.go:133.5,137.5 3 1
github.com/Sreevani871/fibheap/fibheap.go:144.30,147.61 3 1
github.com/Sreevani871/fibheap/fibheap.go:147.61,148.21 1 1
github.com/Sreevani871/fibheap/fibheap.go:148.21,151.4 2 1
github.com/Sreevani871/fibheap/fibheap.go:162.67,163.17 1 1
github.com/Sreevani871/fibheap/fibheap.go:168.2,170.17 2 1
github.com/Sreevani871/fibheap/fibheap.go:177.2,179.10 2 1
github.com/Sreevani871/fibheap/fibheap.go:163.17,165.52 2 1
github.com/Sreevani871/fibheap/fibheap.go:170.17,172.24 2 1
github.com/Sreevani871/fibheap/fibheap.go:172.24,175.4 2 1
github.com/Sreevani871/fibheap/fibheap.go:184.37,192.2 5 1
github.com/Sreevani871/fibheap/fibheap.go:198.40,199.17 1 1
github.com/Sreevani871/fibheap/fibheap.go:199.17,200.15 1 1
github.com/Sreevani871/fibheap/fibheap.go:200.15,204.4 3 0
github.com/Sreevani871/fibheap/fibheap.go:204.4,206.4 1 1
github.com/Sreevani871/fibheap/fibheap.go:213.40,216.2 2 1
github.com/Sreevani871/fibheap/fibheap.go:219.34,221.2 1 0
github.com/Sreevani871/fibheap/fibheap.go:226.35,227.18 1 1
github.com/Sreevani871/fibheap/fibheap.go:231.2,231.25 1 0
github.com/Sreevani871/fibheap/fibheap.go:227.18,229.3 1 1
github.com/Sreevani871/fibheap/fibheap.go:235.31,237.2 1 1
github.com/Sreevani871/fibheap/fibheap.go:241.36,245.49 3 1
github.com/Sreevani871/fibheap/fibheap.go:248.2,248.20 1 1
github.com/Sreevani871/fibheap/fibheap.go:251.2,251.13 1 1
github.com/Sreevani871/fibheap/fibheap.go:245.49,247.3 1 1
github.com/Sreevani871/fibheap/fibheap.go:248.20,250.3 1 0
github.com/Sreevani871/fibheap/fibheap.go:254.40,256.44 2 1
github.com/Sreevani871/fibheap/fibheap.go:259.2,259.14 1 1
github.com/Sreevani871/fibheap/fibheap.go:256.44,258.3 1 1
github.com/Sreevani871/fibheap/fibheap.go:263.36,265.49 2 1
github.com/Sreevani871/fibheap/fibheap.go:268.2,268.14 1 1
github.com/Sreevani871/fibheap/fibheap.go:265.49,267.3 1 1
github.com/Sreevani871/fibheap/fibheap.go:271.32,273.2 1 1
